[0m17:54:50.801485 [debug] [MainThread]: Sending event: {'category': 'dbt', 'action': 'invocation', 'label': 'start', 'context': [<snowplow_tracker.self_describing_json.SelfDescribingJson object at 0x00000222B88DFFE0>, <snowplow_tracker.self_describing_json.SelfDescribingJson object at 0x00000222B85BE030>, <snowplow_tracker.self_describing_json.SelfDescribingJson object at 0x00000222B85BC290>]}


============================== 17:54:50.808994 | 6528c789-d547-40c5-96f1-c06c24445029 ==============================
[0m17:54:50.808994 [info ] [MainThread]: Running with dbt=1.10.11
[0m17:54:50.809494 [debug] [MainThread]: running dbt with arguments {'partial_parse': 'True', 'static_parser': 'True', 'send_anonymous_usage_stats': 'True', 'version_check': 'True', 'cache_selected_only': 'False', 'target_path': 'None', 'use_colors': 'True', 'invocation_command': 'dbt init bitcoin_dbt', 'log_format': 'default', 'warn_error': 'None', 'introspect': 'True', 'debug': 'False', 'printer_width': '80', 'fail_fast': 'False', 'no_print': 'None', 'use_experimental_parser': 'False', 'quiet': 'False', 'log_cache_events': 'False', 'empty': 'None', 'indirect_selection': 'eager', 'log_path': 'logs', 'profiles_dir': 'C:\\Users\\eduin\\.dbt', 'warn_error_options': 'WarnErrorOptionsV2(error=[], warn=[], silence=[])', 'write_json': 'True'}
[0m17:54:50.827510 [info ] [MainThread]: Creating dbt configuration folder at C:\Users\eduin\.dbt
[0m17:54:50.830019 [debug] [MainThread]: Starter project path: C:\Users\eduin\coding-interview-terraform\Lib\site-packages\dbt\include\starter_project
[0m17:54:50.854054 [info ] [MainThread]: 
Your new dbt project "bitcoin_dbt" was created!

For more information on how to configure the profiles.yml file,
please consult the dbt documentation here:

  https://docs.getdbt.com/docs/configure-your-profile

One more thing:

Need help? Don't hesitate to reach out to us via GitHub issues or on Slack:

  https://community.getdbt.com/

Happy modeling!

[0m17:54:50.854555 [info ] [MainThread]: Setting up your profile.
[0m18:04:42.542233 [info ] [MainThread]: Profile bitcoin_dbt written to C:\Users\eduin\.dbt\profiles.yml using target's profile_template.yml and your supplied values. Run 'dbt debug' to validate the connection.
[0m18:04:42.543733 [debug] [MainThread]: Command `dbt init` succeeded at 18:04:42.543232 after 591.87 seconds
[0m18:04:42.543733 [debug] [MainThread]: Sending event: {'category': 'dbt', 'action': 'invocation', 'label': 'end', 'context': [<snowplow_tracker.self_describing_json.SelfDescribingJson object at 0x00000222B7E3CC50>, <snowplow_tracker.self_describing_json.SelfDescribingJson object at 0x00000222E1863F80>, <snowplow_tracker.self_describing_json.SelfDescribingJson object at 0x00000222E50F01A0>]}
[0m18:04:42.543733 [debug] [MainThread]: Flushing usage events
[0m18:04:43.195711 [debug] [MainThread]: An error was encountered while trying to flush usage events
[0m11:54:16.967115 [debug] [MainThread]: Sending event: {'category': 'dbt', 'action': 'invocation', 'label': 'start', 'context': [<snowplow_tracker.self_describing_json.SelfDescribingJson object at 0x0000029DAD77F0B0>, <snowplow_tracker.self_describing_json.SelfDescribingJson object at 0x0000029DAD844110>, <snowplow_tracker.self_describing_json.SelfDescribingJson object at 0x0000029DAB20C170>]}


============================== 11:54:16.975127 | 84c26f11-a87b-4fb1-bf98-866ded3124c9 ==============================
[0m11:54:16.975127 [info ] [MainThread]: Running with dbt=1.10.11
[0m11:54:16.975627 [debug] [MainThread]: running dbt with arguments {'partial_parse': 'True', 'profiles_dir': 'C:\\Users\\eduin\\.dbt', 'send_anonymous_usage_stats': 'True', 'warn_error': 'None', 'cache_selected_only': 'False', 'target_path': 'None', 'use_colors': 'True', 'invocation_command': 'dbt debug', 'log_format': 'default', 'version_check': 'True', 'introspect': 'True', 'debug': 'False', 'log_cache_events': 'False', 'fail_fast': 'False', 'no_print': 'None', 'use_experimental_parser': 'False', 'quiet': 'False', 'empty': 'None', 'printer_width': '80', 'log_path': 'logs', 'indirect_selection': 'eager', 'write_json': 'True', 'static_parser': 'True', 'warn_error_options': 'WarnErrorOptionsV2(error=[], warn=[], silence=[])'}
[0m11:54:17.005668 [info ] [MainThread]: dbt version: 1.10.11
[0m11:54:17.006168 [info ] [MainThread]: python version: 3.12.9
[0m11:54:17.006668 [info ] [MainThread]: python path: C:\Users\eduin\coding-interview-terraform\Scripts\python.exe
[0m11:54:17.006668 [info ] [MainThread]: os info: Windows-11-10.0.26100-SP0
[0m11:54:23.362466 [info ] [MainThread]: Using profiles dir at C:\Users\eduin\.dbt
[0m11:54:23.362466 [info ] [MainThread]: Using profiles.yml file at C:\Users\eduin\.dbt\profiles.yml
[0m11:54:23.363471 [info ] [MainThread]: Using dbt_project.yml file at C:\Users\eduin\Documents\GitHub\dbt_repo\dbt_project.yml
[0m11:54:23.363471 [info ] [MainThread]: adapter type: bigquery
[0m11:54:23.363976 [info ] [MainThread]: adapter version: 1.10.2
[0m11:54:23.364475 [info ] [MainThread]: Configuration:
[0m11:54:23.364475 [info ] [MainThread]:   profiles.yml file [[32mOK found and valid[0m]
[0m11:54:23.364975 [info ] [MainThread]:   dbt_project.yml file [[31mERROR not found[0m]
[0m11:54:23.364975 [info ] [MainThread]: Required dependencies:
[0m11:54:23.365479 [debug] [MainThread]: Executing "git --help"
[0m11:54:23.411035 [debug] [MainThread]: STDOUT: "b"usage: git [-v | --version] [-h | --help] [-C <path>] [-c <name>=<value>]\n           [--exec-path[=<path>]] [--html-path] [--man-path] [--info-path]\n           [-p | --paginate | -P | --no-pager] [--no-replace-objects] [--no-lazy-fetch]\n           [--no-optional-locks] [--no-advice] [--bare] [--git-dir=<path>]\n           [--work-tree=<path>] [--namespace=<name>] [--config-env=<name>=<envvar>]\n           <command> [<args>]\n\nThese are common Git commands used in various situations:\n\nstart a working area (see also: git help tutorial)\n   clone      Clone a repository into a new directory\n   init       Create an empty Git repository or reinitialize an existing one\n\nwork on the current change (see also: git help everyday)\n   add        Add file contents to the index\n   mv         Move or rename a file, a directory, or a symlink\n   restore    Restore working tree files\n   rm         Remove files from the working tree and from the index\n\nexamine the history and state (see also: git help revisions)\n   bisect     Use binary search to find the commit that introduced a bug\n   diff       Show changes between commits, commit and working tree, etc\n   grep       Print lines matching a pattern\n   log        Show commit logs\n   show       Show various types of objects\n   status     Show the working tree status\n\ngrow, mark and tweak your common history\n   backfill   Download missing objects in a partial clone\n   branch     List, create, or delete branches\n   commit     Record changes to the repository\n   merge      Join two or more development histories together\n   rebase     Reapply commits on top of another base tip\n   reset      Reset current HEAD to the specified state\n   switch     Switch branches\n   tag        Create, list, delete or verify a tag object signed with GPG\n\ncollaborate (see also: git help workflows)\n   fetch      Download objects and refs from another repository\n   pull       Fetch from and integrate with another repository or a local branch\n   push       Update remote refs along with associated objects\n\n'git help -a' and 'git help -g' list available subcommands and some\nconcept guides. See 'git help <command>' or 'git help <concept>'\nto read about a specific subcommand or concept.\nSee 'git help git' for an overview of the system.\n""
[0m11:54:23.411536 [debug] [MainThread]: STDERR: "b''"
[0m11:54:23.412035 [info ] [MainThread]:  - git [[32mOK found[0m]

[0m11:54:23.412536 [info ] [MainThread]: Connection:
[0m11:54:23.412536 [info ] [MainThread]:   method: service-account
[0m11:54:23.412536 [info ] [MainThread]:   database: coding-interview-terraform
[0m11:54:23.413547 [info ] [MainThread]:   execution_project: coding-interview-terraform
[0m11:54:23.414052 [info ] [MainThread]:   schema: staging
[0m11:54:23.414052 [info ] [MainThread]:   location: US
[0m11:54:23.414552 [info ] [MainThread]:   priority: interactive
[0m11:54:23.415052 [info ] [MainThread]:   maximum_bytes_billed: None
[0m11:54:23.415052 [info ] [MainThread]:   impersonate_service_account: None
[0m11:54:23.415552 [info ] [MainThread]:   job_retry_deadline_seconds: None
[0m11:54:23.415552 [info ] [MainThread]:   job_retries: 1
[0m11:54:23.415552 [info ] [MainThread]:   job_creation_timeout_seconds: None
[0m11:54:23.415552 [info ] [MainThread]:   job_execution_timeout_seconds: 300
[0m11:54:23.416556 [info ] [MainThread]:   timeout_seconds: 300
[0m11:54:23.417060 [info ] [MainThread]:   client_id: None
[0m11:54:23.417060 [info ] [MainThread]:   token_uri: None
[0m11:54:23.417561 [info ] [MainThread]:   compute_region: None
[0m11:54:23.418061 [info ] [MainThread]:   dataproc_cluster_name: None
[0m11:54:23.418061 [info ] [MainThread]:   gcs_bucket: None
[0m11:54:23.418561 [info ] [MainThread]:   dataproc_batch: None
[0m11:54:23.419060 [info ] [MainThread]: Registered adapter: bigquery=1.10.2
[0m11:54:24.074866 [debug] [MainThread]: Acquiring new bigquery connection 'debug'
[0m11:54:24.075370 [debug] [MainThread]: On debug: select 1 as id
[0m11:54:24.075370 [debug] [MainThread]: Opening a new connection, currently in state init
[0m11:54:26.202066 [debug] [MainThread]: BigQuery adapter: https://console.cloud.google.com/bigquery?project=coding-interview-terraform&j=bq:US:bb60ed46-501a-4392-be5c-83db0a32cd8f&page=queryresults
[0m11:54:28.906483 [info ] [MainThread]:   Connection test: [[32mOK connection ok[0m]

[0m11:54:28.906983 [info ] [MainThread]: [31m1 check failed:[0m
[0m11:54:28.907483 [info ] [MainThread]: Project loading failed for the following reason:
 project path <C:\Users\eduin\Documents\GitHub\dbt_repo\dbt_project.yml> not found

[0m11:54:28.908484 [debug] [MainThread]: Command `dbt debug` failed at 11:54:28.907984 after 12.06 seconds
[0m11:54:28.908484 [debug] [MainThread]: Connection 'debug' was properly closed.
[0m11:54:28.908983 [debug] [MainThread]: Sending event: {'category': 'dbt', 'action': 'invocation', 'label': 'end', 'context': [<snowplow_tracker.self_describing_json.SelfDescribingJson object at 0x0000029DADB624B0>, <snowplow_tracker.self_describing_json.SelfDescribingJson object at 0x0000029DDA821880>, <snowplow_tracker.self_describing_json.SelfDescribingJson object at 0x0000029DDA93B9E0>]}
[0m11:54:28.908983 [debug] [MainThread]: Flushing usage events
[0m11:54:29.554775 [debug] [MainThread]: An error was encountered while trying to flush usage events
